Using pre-set license
Built from '2020.2/release' branch; Version is '2020.2.2f1 (068178b99f32) revision 426360'; Using compiler version '192528614'; Build Type 'Release'
OS: 'Windows 10 Home; OS build 19042.1165; Version 2009; 64bit' Language: 'en' Physical Memory: 16168 MB
BatchMode: 1, IsHumanControllingUs: 0, StartBugReporterOnCrash: 0, Is64bit: 1, IsPro: 0

 COMMAND LINE ARGUMENTS:
C:\Program Files\Unity\Hub\Editor\2020.2.2f1\Editor\Unity.exe
-adb2
-batchMode
-noUpm
-name
AssetImportWorker1
-projectPath
C:/Users/steve/Documents/GitHub/Game Jam 1
-logFile
Logs/AssetImportWorker1.log
-srvPort
58610
Successfully changed project path to: C:/Users/steve/Documents/GitHub/Game Jam 1
C:/Users/steve/Documents/GitHub/Game Jam 1
Using Asset Import Pipeline V2.
Refreshing native plugins compatible for Editor in 28.02 ms, found 1 plugins.
Preloading 0 native plugins for Editor in 0.00 ms.
Initialize engine version: 2020.2.2f1 (068178b99f32)
[Subsystems] Discovering subsystems at path C:/Program Files/Unity/Hub/Editor/2020.2.2f1/Editor/Data/Resources/UnitySubsystems
[Subsystems] Discovering subsystems at path C:/Users/steve/Documents/GitHub/Game Jam 1/Assets
GfxDevice: creating device client; threaded=0
Direct3D:
    Version:  Direct3D 11.0 [level 11.1]
    Renderer: NVIDIA GeForce RTX 2060 (ID=0x1f55)
    Vendor:   
    VRAM:     5980 MB
    Driver:   27.21.14.6230
Initialize mono
Mono path[0] = 'C:/Program Files/Unity/Hub/Editor/2020.2.2f1/Editor/Data/Managed'
Mono path[1] = 'C:/Program Files/Unity/Hub/Editor/2020.2.2f1/Editor/Data/MonoBleedingEdge/lib/mono/unityjit'
Mono config path = 'C:/Program Files/Unity/Hub/Editor/2020.2.2f1/Editor/Data/MonoBleedingEdge/etc'
Using monoOptions --debugger-agent=transport=dt_socket,embedding=1,server=y,suspend=n,address=127.0.0.1:56180
Begin MonoManager ReloadAssembly
Registering precompiled unity dll's ...
Register platform support module: C:/Program Files/Unity/Hub/Editor/2020.2.2f1/Editor/Data/PlaybackEngines/WebGLSupport/UnityEditor.WebGL.Extensions.dll
Register platform support module: C:/Program Files/Unity/Hub/Editor/2020.2.2f1/Editor/Data/PlaybackEngines/WindowsStandaloneSupport/UnityEditor.WindowsStandalone.Extensions.dll
Registered in 0.001653 seconds.
Native extension for WindowsStandalone target not found
Native extension for WebGL target not found
Refreshing native plugins compatible for Editor in 29.23 ms, found 1 plugins.
Preloading 0 native plugins for Editor in 0.00 ms.
Invoked RoslynAnalysisRunner static constructor.
RoslynAnalysisRunner will not be running.
RoslynAnalysisRunner has terminated.
Mono: successfully reloaded assembly
- Completed reload, in  3.671 seconds
Platform modules already initialized, skipping
Registering precompiled user dll's ...
Registered in 0.000719 seconds.
Begin MonoManager ReloadAssembly
Native extension for WindowsStandalone target not found
Native extension for WebGL target not found
Refreshing native plugins compatible for Editor in 31.57 ms, found 1 plugins.
Preloading 0 native plugins for Editor in 0.00 ms.
Invoked RoslynAnalysisRunner static constructor.
RoslynAnalysisRunner will not be running.
RoslynAnalysisRunner has terminated.
Mono: successfully reloaded assembly
- Completed reload, in  0.762 seconds
Platform modules already initialized, skipping
========================================================================
Worker process is ready to serve import requests
Launched and connected shader compiler UnityShaderCompiler.exe after 0.06 seconds
Refreshing native plugins compatible for Editor in 0.34 ms, found 1 plugins.
Preloading 0 native plugins for Editor in 0.00 ms.
Unloading 1815 Unused Serialized files (Serialized files now loaded: 0)
System memory in use before: 86.5 MB.
System memory in use after: 86.5 MB.

Unloading 24 unused Assets to reduce memory usage. Loaded Objects now: 2258.
Total: 1.989200 ms (FindLiveObjects: 0.159300 ms CreateObjectMapping: 0.065000 ms MarkObjects: 1.664700 ms  DeleteObjects: 0.099400 ms)

========================================================================
Received Import Request.
  path: Assets/Prototype Hero Demo - Pixel Art/Sprites/PrototypeHero_noSword.png
  artifactKey: Guid(0409f2fddf07780408257c186ab69681) Importer(815301076,1909f56bfc062723c751e8b465ee728b)
Start importing Assets/Prototype Hero Demo - Pixel Art/Sprites/PrototypeHero_noSword.png using Guid(0409f2fddf07780408257c186ab69681) Importer(815301076,1909f56bfc062723c751e8b465ee728b)  -> (artifact id: 'ca614d2d9b3c2c6836fa09ec89da4755') in 0.368481 seconds
  Import took 0.371312 seconds .

========================================================================
Received Import Request.
  Time since last request: 0.000137 seconds.
  path: Assets/Prototype Hero Demo - Pixel Art/Sprites/PrototypeHero.png
  artifactKey: Guid(300ea1a5869382b43bf6149aba92c4db) Importer(815301076,1909f56bfc062723c751e8b465ee728b)
Start importing Assets/Prototype Hero Demo - Pixel Art/Sprites/PrototypeHero.png using Guid(300ea1a5869382b43bf6149aba92c4db) Importer(815301076,1909f56bfc062723c751e8b465ee728b)  -> (artifact id: '1a7281599b04337879cfdd7d2694d8a7') in 0.043004 seconds
  Import took 0.045906 seconds .

========================================================================
Received Import Request.
  Time since last request: 0.000131 seconds.
  path: Assets/Prototype Hero Demo - Pixel Art
  artifactKey: Guid(515cb9fc899806845903ca27996ca72c) Importer(815301076,1909f56bfc062723c751e8b465ee728b)
Start importing Assets/Prototype Hero Demo - Pixel Art using Guid(515cb9fc899806845903ca27996ca72c) Importer(815301076,1909f56bfc062723c751e8b465ee728b)  -> (artifact id: 'a874bf60978fb194d1a458c8713aacdd') in 0.005378 seconds
  Import took 0.008167 seconds .

========================================================================
Received Import Request.
  Time since last request: 41.427025 seconds.
  path: Assets/Prototype Hero Demo - Pixel Art/Sprites/PrototypeHero_noSword.png
  artifactKey: Guid(0409f2fddf07780408257c186ab69681) Importer(815301076,1909f56bfc062723c751e8b465ee728b)
Start importing Assets/Prototype Hero Demo - Pixel Art/Sprites/PrototypeHero_noSword.png using Guid(0409f2fddf07780408257c186ab69681) Importer(815301076,1909f56bfc062723c751e8b465ee728b)  -> (artifact id: 'deecef7f0dda8cae45fcd5dc4fea9cd1') in 0.077888 seconds
  Import took 0.080449 seconds .

========================================================================
Received Import Request.
  Time since last request: 8.791805 seconds.
  path: Assets/Prototype Hero Demo - Pixel Art/Animations/Prototype Hero noSword/Idle_noSword.anim
  artifactKey: Guid(841e15c703475424a919744646706ac0) Importer(815301076,1909f56bfc062723c751e8b465ee728b)
Start importing Assets/Prototype Hero Demo - Pixel Art/Animations/Prototype Hero noSword/Idle_noSword.anim using Guid(841e15c703475424a919744646706ac0) Importer(815301076,1909f56bfc062723c751e8b465ee728b)  -> (artifact id: 'db324ce9a7eaffdf82609fc9e2c80ef1') in 0.009005 seconds
  Import took 0.011732 seconds .

========================================================================
Received Import Request.
  Time since last request: 0.002904 seconds.
  path: Assets/Prototype Hero Demo - Pixel Art/Animations/Prototype Hero noSword/Idle_noSword.anim
  artifactKey: Guid(841e15c703475424a919744646706ac0) Importer(815301076,1909f56bfc062723c751e8b465ee728b)
Start importing Assets/Prototype Hero Demo - Pixel Art/Animations/Prototype Hero noSword/Idle_noSword.anim using Guid(841e15c703475424a919744646706ac0) Importer(815301076,1909f56bfc062723c751e8b465ee728b)  -> (artifact id: 'db324ce9a7eaffdf82609fc9e2c80ef1') in 0.002568 seconds
  Import took 0.004919 seconds .

========================================================================
Received Prepare
Registering precompiled user dll's ...
Registered in 0.000707 seconds.
Begin MonoManager ReloadAssembly
Native extension for WindowsStandalone target not found
Native extension for WebGL target not found
Refreshing native plugins compatible for Editor in 0.30 ms, found 1 plugins.
Preloading 0 native plugins for Editor in 0.00 ms.
Invoked RoslynAnalysisRunner static constructor.
RoslynAnalysisRunner will not be running.
RoslynAnalysisRunner has terminated.
Mono: successfully reloaded assembly
- Completed reload, in  0.691 seconds
Platform modules already initialized, skipping
Refreshing native plugins compatible for Editor in 0.32 ms, found 1 plugins.
Preloading 0 native plugins for Editor in 0.00 ms.
Unloading 1797 Unused Serialized files (Serialized files now loaded: 0)
System memory in use before: 88.8 MB.
System memory in use after: 88.8 MB.

Unloading 12 unused Assets to reduce memory usage. Loaded Objects now: 2268.
Total: 1.600000 ms (FindLiveObjects: 0.161900 ms CreateObjectMapping: 0.054400 ms MarkObjects: 1.307300 ms  DeleteObjects: 0.075600 ms)

========================================================================
Received Prepare
Registering precompiled user dll's ...
Registered in 0.000685 seconds.
Begin MonoManager ReloadAssembly
Native extension for WindowsStandalone target not found
Native extension for WebGL target not found
Refreshing native plugins compatible for Editor in 0.28 ms, found 1 plugins.
Preloading 0 native plugins for Editor in 0.00 ms.
Invoked RoslynAnalysisRunner static constructor.
RoslynAnalysisRunner will not be running.
RoslynAnalysisRunner has terminated.
Mono: successfully reloaded assembly
- Completed reload, in  0.668 seconds
Platform modules already initialized, skipping
Refreshing native plugins compatible for Editor in 0.31 ms, found 1 plugins.
Preloading 0 native plugins for Editor in 0.00 ms.
Unloading 1797 Unused Serialized files (Serialized files now loaded: 0)
System memory in use before: 89.0 MB.
System memory in use after: 89.0 MB.

Unloading 12 unused Assets to reduce memory usage. Loaded Objects now: 2271.
Total: 2.080900 ms (FindLiveObjects: 0.356800 ms CreateObjectMapping: 0.095300 ms MarkObjects: 1.544100 ms  DeleteObjects: 0.083800 ms)

========================================================================
Received Prepare
Registering precompiled user dll's ...
Registered in 0.000912 seconds.
Begin MonoManager ReloadAssembly
Native extension for WindowsStandalone target not found
Native extension for WebGL target not found
Refreshing native plugins compatible for Editor in 0.31 ms, found 1 plugins.
Preloading 0 native plugins for Editor in 0.00 ms.
Invoked RoslynAnalysisRunner static constructor.
RoslynAnalysisRunner will not be running.
RoslynAnalysisRunner has terminated.
Mono: successfully reloaded assembly
- Completed reload, in  0.634 seconds
Platform modules already initialized, skipping
Refreshing native plugins compatible for Editor in 0.29 ms, found 1 plugins.
Preloading 0 native plugins for Editor in 0.00 ms.
Unloading 1797 Unused Serialized files (Serialized files now loaded: 0)
System memory in use before: 89.2 MB.
System memory in use after: 89.2 MB.

Unloading 12 unused Assets to reduce memory usage. Loaded Objects now: 2274.
Total: 1.717500 ms (FindLiveObjects: 0.172300 ms CreateObjectMapping: 0.067200 ms MarkObjects: 1.391800 ms  DeleteObjects: 0.085200 ms)

========================================================================
Received Prepare
Registering precompiled user dll's ...
Registered in 0.000829 seconds.
Begin MonoManager ReloadAssembly
Native extension for WindowsStandalone target not found
Native extension for WebGL target not found
Refreshing native plugins compatible for Editor in 0.29 ms, found 1 plugins.
Preloading 0 native plugins for Editor in 0.00 ms.
Invoked RoslynAnalysisRunner static constructor.
RoslynAnalysisRunner will not be running.
RoslynAnalysisRunner has terminated.
Mono: successfully reloaded assembly
- Completed reload, in  0.653 seconds
Platform modules already initialized, skipping
Refreshing native plugins compatible for Editor in 0.29 ms, found 1 plugins.
Preloading 0 native plugins for Editor in 0.00 ms.
Unloading 1797 Unused Serialized files (Serialized files now loaded: 0)
System memory in use before: 89.4 MB.
System memory in use after: 89.4 MB.

Unloading 12 unused Assets to reduce memory usage. Loaded Objects now: 2277.
Total: 1.735300 ms (FindLiveObjects: 0.148800 ms CreateObjectMapping: 0.051400 ms MarkObjects: 1.451200 ms  DeleteObjects: 0.083000 ms)

========================================================================
Received Prepare
Registering precompiled user dll's ...
Registered in 0.000731 seconds.
Begin MonoManager ReloadAssembly
Native extension for WindowsStandalone target not found
Native extension for WebGL target not found
Refreshing native plugins compatible for Editor in 0.31 ms, found 1 plugins.
Preloading 0 native plugins for Editor in 0.00 ms.
Invoked RoslynAnalysisRunner static constructor.
RoslynAnalysisRunner will not be running.
RoslynAnalysisRunner has terminated.
Mono: successfully reloaded assembly
- Completed reload, in  0.711 seconds
Platform modules already initialized, skipping
Refreshing native plugins compatible for Editor in 0.30 ms, found 1 plugins.
Preloading 0 native plugins for Editor in 0.00 ms.
Unloading 1797 Unused Serialized files (Serialized files now loaded: 0)
System memory in use before: 89.5 MB.
System memory in use after: 89.5 MB.

Unloading 12 unused Assets to reduce memory usage. Loaded Objects now: 2280.
Total: 1.921700 ms (FindLiveObjects: 0.192200 ms CreateObjectMapping: 0.084300 ms MarkObjects: 1.554300 ms  DeleteObjects: 0.089900 ms)

========================================================================
Received Prepare
Registering precompiled user dll's ...
Registered in 0.000628 seconds.
Begin MonoManager ReloadAssembly
Native extension for WindowsStandalone target not found
Native extension for WebGL target not found
Refreshing native plugins compatible for Editor in 0.29 ms, found 1 plugins.
Preloading 0 native plugins for Editor in 0.00 ms.
Invoked RoslynAnalysisRunner static constructor.
RoslynAnalysisRunner will not be running.
RoslynAnalysisRunner has terminated.
Mono: successfully reloaded assembly
- Completed reload, in  0.672 seconds
Platform modules already initialized, skipping
Refreshing native plugins compatible for Editor in 0.30 ms, found 1 plugins.
Preloading 0 native plugins for Editor in 0.00 ms.
Unloading 1797 Unused Serialized files (Serialized files now loaded: 0)
System memory in use before: 89.7 MB.
System memory in use after: 89.7 MB.

Unloading 12 unused Assets to reduce memory usage. Loaded Objects now: 2283.
Total: 1.649800 ms (FindLiveObjects: 0.153900 ms CreateObjectMapping: 0.060400 ms MarkObjects: 1.299400 ms  DeleteObjects: 0.135600 ms)

========================================================================
Received Prepare
Registering precompiled user dll's ...
Registered in 0.000837 seconds.
Begin MonoManager ReloadAssembly
Native extension for WindowsStandalone target not found
Native extension for WebGL target not found
Refreshing native plugins compatible for Editor in 0.53 ms, found 1 plugins.
Preloading 0 native plugins for Editor in 0.00 ms.
Invoked RoslynAnalysisRunner static constructor.
RoslynAnalysisRunner will not be running.
RoslynAnalysisRunner has terminated.
Mono: successfully reloaded assembly
- Completed reload, in  0.698 seconds
Platform modules already initialized, skipping
Refreshing native plugins compatible for Editor in 0.30 ms, found 1 plugins.
Preloading 0 native plugins for Editor in 0.00 ms.
Unloading 1797 Unused Serialized files (Serialized files now loaded: 0)
System memory in use before: 89.9 MB.
System memory in use after: 89.9 MB.

Unloading 12 unused Assets to reduce memory usage. Loaded Objects now: 2286.
Total: 1.992900 ms (FindLiveObjects: 0.359900 ms CreateObjectMapping: 0.128000 ms MarkObjects: 1.421400 ms  DeleteObjects: 0.082600 ms)

========================================================================
Received Prepare
Registering precompiled user dll's ...
Registered in 0.000624 seconds.
Begin MonoManager ReloadAssembly
Native extension for WindowsStandalone target not found
Native extension for WebGL target not found
Refreshing native plugins compatible for Editor in 0.29 ms, found 1 plugins.
Preloading 0 native plugins for Editor in 0.00 ms.
Invoked RoslynAnalysisRunner static constructor.
RoslynAnalysisRunner will not be running.
RoslynAnalysisRunner has terminated.
Mono: successfully reloaded assembly
- Completed reload, in  0.697 seconds
Platform modules already initialized, skipping
Refreshing native plugins compatible for Editor in 0.30 ms, found 1 plugins.
Preloading 0 native plugins for Editor in 0.00 ms.
Unloading 1797 Unused Serialized files (Serialized files now loaded: 0)
System memory in use before: 90.1 MB.
System memory in use after: 90.1 MB.

Unloading 12 unused Assets to reduce memory usage. Loaded Objects now: 2289.
Total: 1.547800 ms (FindLiveObjects: 0.154300 ms CreateObjectMapping: 0.055900 ms MarkObjects: 1.255000 ms  DeleteObjects: 0.082000 ms)

========================================================================
Received Prepare
Registering precompiled user dll's ...
Registered in 0.000659 seconds.
Begin MonoManager ReloadAssembly
Native extension for WindowsStandalone target not found
Native extension for WebGL target not found
Refreshing native plugins compatible for Editor in 0.31 ms, found 1 plugins.
Preloading 0 native plugins for Editor in 0.00 ms.
Invoked RoslynAnalysisRunner static constructor.
RoslynAnalysisRunner will not be running.
RoslynAnalysisRunner has terminated.
Mono: successfully reloaded assembly
- Completed reload, in  0.685 seconds
Platform modules already initialized, skipping
Refreshing native plugins compatible for Editor in 0.31 ms, found 1 plugins.
Preloading 0 native plugins for Editor in 0.00 ms.
Unloading 1797 Unused Serialized files (Serialized files now loaded: 0)
System memory in use before: 90.3 MB.
System memory in use after: 90.3 MB.

Unloading 12 unused Assets to reduce memory usage. Loaded Objects now: 2292.
Total: 2.653200 ms (FindLiveObjects: 0.385200 ms CreateObjectMapping: 0.179200 ms MarkObjects: 1.946200 ms  DeleteObjects: 0.141600 ms)

========================================================================
Received Prepare
Registering precompiled user dll's ...
Registered in 0.000691 seconds.
Begin MonoManager ReloadAssembly
Native extension for WindowsStandalone target not found
Native extension for WebGL target not found
Refreshing native plugins compatible for Editor in 0.30 ms, found 1 plugins.
Preloading 0 native plugins for Editor in 0.00 ms.
Invoked RoslynAnalysisRunner static constructor.
RoslynAnalysisRunner will not be running.
RoslynAnalysisRunner has terminated.
Mono: successfully reloaded assembly
- Completed reload, in  0.624 seconds
Platform modules already initialized, skipping
Refreshing native plugins compatible for Editor in 0.30 ms, found 1 plugins.
Preloading 0 native plugins for Editor in 0.00 ms.
Unloading 1797 Unused Serialized files (Serialized files now loaded: 0)
System memory in use before: 90.5 MB.
System memory in use after: 90.5 MB.

Unloading 12 unused Assets to reduce memory usage. Loaded Objects now: 2295.
Total: 1.728900 ms (FindLiveObjects: 0.182000 ms CreateObjectMapping: 0.057200 ms MarkObjects: 1.411000 ms  DeleteObjects: 0.078000 ms)

========================================================================
Received Prepare
Registering precompiled user dll's ...
Registered in 0.000640 seconds.
Begin MonoManager ReloadAssembly
Native extension for WindowsStandalone target not found
Native extension for WebGL target not found
Refreshing native plugins compatible for Editor in 0.33 ms, found 1 plugins.
Preloading 0 native plugins for Editor in 0.00 ms.
Invoked RoslynAnalysisRunner static constructor.
RoslynAnalysisRunner will not be running.
RoslynAnalysisRunner has terminated.
Mono: successfully reloaded assembly
- Completed reload, in  0.684 seconds
Platform modules already initialized, skipping
Refreshing native plugins compatible for Editor in 0.30 ms, found 1 plugins.
Preloading 0 native plugins for Editor in 0.00 ms.
Unloading 1797 Unused Serialized files (Serialized files now loaded: 0)
System memory in use before: 90.5 MB.
System memory in use after: 90.5 MB.

Unloading 12 unused Assets to reduce memory usage. Loaded Objects now: 2298.
Total: 1.662500 ms (FindLiveObjects: 0.173700 ms CreateObjectMapping: 0.068500 ms MarkObjects: 1.328900 ms  DeleteObjects: 0.090700 ms)

========================================================================
Received Prepare
Registering precompiled user dll's ...
Registered in 0.000644 seconds.
Begin MonoManager ReloadAssembly
Native extension for WindowsStandalone target not found
Native extension for WebGL target not found
Refreshing native plugins compatible for Editor in 0.30 ms, found 1 plugins.
Preloading 0 native plugins for Editor in 0.00 ms.
Invoked RoslynAnalysisRunner static constructor.
RoslynAnalysisRunner will not be running.
RoslynAnalysisRunner has terminated.
Mono: successfully reloaded assembly
- Completed reload, in  0.687 seconds
Platform modules already initialized, skipping
Refreshing native plugins compatible for Editor in 0.29 ms, found 1 plugins.
Preloading 0 native plugins for Editor in 0.00 ms.
Unloading 1797 Unused Serialized files (Serialized files now loaded: 0)
System memory in use before: 89.8 MB.
System memory in use after: 89.8 MB.

Unloading 12 unused Assets to reduce memory usage. Loaded Objects now: 2301.
Total: 1.812200 ms (FindLiveObjects: 0.147700 ms CreateObjectMapping: 0.106300 ms MarkObjects: 1.477000 ms  DeleteObjects: 0.080500 ms)

========================================================================
Received Import Request.
  Time since last request: 963.899065 seconds.
  path: Assets/Game Jam 1/Art/Animations/PrototypeHero_noSword_23.controller
  artifactKey: Guid(8ee0ee89a48b8eb45ba2222b248d0912) Importer(815301076,1909f56bfc062723c751e8b465ee728b)
Start importing Assets/Game Jam 1/Art/Animations/PrototypeHero_noSword_23.controller using Guid(8ee0ee89a48b8eb45ba2222b248d0912) Importer(815301076,1909f56bfc062723c751e8b465ee728b)  -> (artifact id: 'd8c87ee149d5208f6bd237770ade1182') in 0.017539 seconds
  Import took 0.020032 seconds .

========================================================================
Received Prepare
Registering precompiled user dll's ...
Registered in 0.000645 seconds.
Begin MonoManager ReloadAssembly
Native extension for WindowsStandalone target not found
Native extension for WebGL target not found
Refreshing native plugins compatible for Editor in 0.29 ms, found 1 plugins.
Preloading 0 native plugins for Editor in 0.00 ms.
Invoked RoslynAnalysisRunner static constructor.
RoslynAnalysisRunner will not be running.
RoslynAnalysisRunner has terminated.
Mono: successfully reloaded assembly
- Completed reload, in  0.662 seconds
Platform modules already initialized, skipping
Refreshing native plugins compatible for Editor in 0.27 ms, found 1 plugins.
Preloading 0 native plugins for Editor in 0.00 ms.
Unloading 1797 Unused Serialized files (Serialized files now loaded: 0)
System memory in use before: 90.0 MB.
System memory in use after: 90.0 MB.

Unloading 12 unused Assets to reduce memory usage. Loaded Objects now: 2304.
Total: 1.900300 ms (FindLiveObjects: 0.197300 ms CreateObjectMapping: 0.057400 ms MarkObjects: 1.518800 ms  DeleteObjects: 0.125800 ms)

========================================================================
Received Prepare
Registering precompiled user dll's ...
Registered in 0.000854 seconds.
Begin MonoManager ReloadAssembly
Native extension for WindowsStandalone target not found
Native extension for WebGL target not found
Refreshing native plugins compatible for Editor in 0.29 ms, found 1 plugins.
Preloading 0 native plugins for Editor in 0.00 ms.
Invoked RoslynAnalysisRunner static constructor.
RoslynAnalysisRunner will not be running.
RoslynAnalysisRunner has terminated.
Mono: successfully reloaded assembly
- Completed reload, in  0.638 seconds
Platform modules already initialized, skipping
Refreshing native plugins compatible for Editor in 0.30 ms, found 1 plugins.
Preloading 0 native plugins for Editor in 0.00 ms.
Unloading 1797 Unused Serialized files (Serialized files now loaded: 0)
System memory in use before: 90.2 MB.
System memory in use after: 90.2 MB.

Unloading 12 unused Assets to reduce memory usage. Loaded Objects now: 2307.
Total: 1.853800 ms (FindLiveObjects: 0.170000 ms CreateObjectMapping: 0.059900 ms MarkObjects: 1.526900 ms  DeleteObjects: 0.096400 ms)

========================================================================
Received Prepare
Registering precompiled user dll's ...
Registered in 0.000708 seconds.
Begin MonoManager ReloadAssembly
Native extension for WindowsStandalone target not found
Native extension for WebGL target not found
Refreshing native plugins compatible for Editor in 0.29 ms, found 1 plugins.
Preloading 0 native plugins for Editor in 0.00 ms.
Invoked RoslynAnalysisRunner static constructor.
RoslynAnalysisRunner will not be running.
RoslynAnalysisRunner has terminated.
Mono: successfully reloaded assembly
- Completed reload, in  0.700 seconds
Platform modules already initialized, skipping
Refreshing native plugins compatible for Editor in 0.31 ms, found 1 plugins.
Preloading 0 native plugins for Editor in 0.00 ms.
Unloading 1797 Unused Serialized files (Serialized files now loaded: 0)
System memory in use before: 90.4 MB.
System memory in use after: 90.4 MB.

Unloading 12 unused Assets to reduce memory usage. Loaded Objects now: 2310.
Total: 2.470000 ms (FindLiveObjects: 0.362700 ms CreateObjectMapping: 0.218900 ms MarkObjects: 1.732200 ms  DeleteObjects: 0.154800 ms)

========================================================================
Received Prepare
Registering precompiled user dll's ...
Registered in 0.000818 seconds.
Begin MonoManager ReloadAssembly
Native extension for WindowsStandalone target not found
Native extension for WebGL target not found
Refreshing native plugins compatible for Editor in 0.30 ms, found 1 plugins.
Preloading 0 native plugins for Editor in 0.00 ms.
Invoked RoslynAnalysisRunner static constructor.
RoslynAnalysisRunner will not be running.
RoslynAnalysisRunner has terminated.
Mono: successfully reloaded assembly
- Completed reload, in  0.698 seconds
Platform modules already initialized, skipping
Refreshing native plugins compatible for Editor in 0.30 ms, found 1 plugins.
Preloading 0 native plugins for Editor in 0.00 ms.
Unloading 1797 Unused Serialized files (Serialized files now loaded: 0)
System memory in use before: 90.6 MB.
System memory in use after: 90.6 MB.

Unloading 12 unused Assets to reduce memory usage. Loaded Objects now: 2313.
Total: 2.048200 ms (FindLiveObjects: 0.321300 ms CreateObjectMapping: 0.080600 ms MarkObjects: 1.509500 ms  DeleteObjects: 0.135800 ms)

========================================================================
Received Prepare
Registering precompiled user dll's ...
Registered in 0.000654 seconds.
Begin MonoManager ReloadAssembly
Native extension for WindowsStandalone target not found
Native extension for WebGL target not found
Refreshing native plugins compatible for Editor in 0.29 ms, found 1 plugins.
Preloading 0 native plugins for Editor in 0.00 ms.
Invoked RoslynAnalysisRunner static constructor.
RoslynAnalysisRunner will not be running.
RoslynAnalysisRunner has terminated.
Mono: successfully reloaded assembly
- Completed reload, in  0.690 seconds
Platform modules already initialized, skipping
Refreshing native plugins compatible for Editor in 0.29 ms, found 1 plugins.
Preloading 0 native plugins for Editor in 0.00 ms.
Unloading 1797 Unused Serialized files (Serialized files now loaded: 0)
System memory in use before: 90.6 MB.
System memory in use after: 90.6 MB.

Unloading 12 unused Assets to reduce memory usage. Loaded Objects now: 2316.
Total: 1.900300 ms (FindLiveObjects: 0.179200 ms CreateObjectMapping: 0.057800 ms MarkObjects: 1.534100 ms  DeleteObjects: 0.128500 ms)

========================================================================
Received Prepare
Registering precompiled user dll's ...
Registered in 0.000628 seconds.
Begin MonoManager ReloadAssembly
Native extension for WindowsStandalone target not found
Native extension for WebGL target not found
Refreshing native plugins compatible for Editor in 0.29 ms, found 1 plugins.
Preloading 0 native plugins for Editor in 0.00 ms.
Invoked RoslynAnalysisRunner static constructor.
RoslynAnalysisRunner will not be running.
RoslynAnalysisRunner has terminated.
Mono: successfully reloaded assembly
- Completed reload, in  0.653 seconds
Platform modules already initialized, skipping
Refreshing native plugins compatible for Editor in 0.30 ms, found 1 plugins.
Preloading 0 native plugins for Editor in 0.00 ms.
Unloading 1797 Unused Serialized files (Serialized files now loaded: 0)
System memory in use before: 89.9 MB.
System memory in use after: 89.9 MB.

Unloading 12 unused Assets to reduce memory usage. Loaded Objects now: 2319.
Total: 2.953800 ms (FindLiveObjects: 0.367600 ms CreateObjectMapping: 0.139400 ms MarkObjects: 2.224000 ms  DeleteObjects: 0.221700 ms)

========================================================================
Received Prepare
Registering precompiled user dll's ...
Registered in 0.000826 seconds.
Begin MonoManager ReloadAssembly
Native extension for WindowsStandalone target not found
Native extension for WebGL target not found
Refreshing native plugins compatible for Editor in 0.28 ms, found 1 plugins.
Preloading 0 native plugins for Editor in 0.00 ms.
Invoked RoslynAnalysisRunner static constructor.
RoslynAnalysisRunner will not be running.
RoslynAnalysisRunner has terminated.
Mono: successfully reloaded assembly
- Completed reload, in  0.651 seconds
Platform modules already initialized, skipping
Refreshing native plugins compatible for Editor in 0.29 ms, found 1 plugins.
Preloading 0 native plugins for Editor in 0.00 ms.
Unloading 1797 Unused Serialized files (Serialized files now loaded: 0)
System memory in use before: 90.1 MB.
System memory in use after: 90.1 MB.

Unloading 12 unused Assets to reduce memory usage. Loaded Objects now: 2322.
Total: 1.559400 ms (FindLiveObjects: 0.164000 ms CreateObjectMapping: 0.059500 ms MarkObjects: 1.252500 ms  DeleteObjects: 0.082600 ms)

========================================================================
Received Prepare
Registering precompiled user dll's ...
Registered in 0.000900 seconds.
Begin MonoManager ReloadAssembly
Native extension for WindowsStandalone target not found
Native extension for WebGL target not found
Refreshing native plugins compatible for Editor in 0.29 ms, found 1 plugins.
Preloading 0 native plugins for Editor in 0.00 ms.
Invoked RoslynAnalysisRunner static constructor.
RoslynAnalysisRunner will not be running.
RoslynAnalysisRunner has terminated.
Mono: successfully reloaded assembly
- Completed reload, in  0.651 seconds
Platform modules already initialized, skipping
Refreshing native plugins compatible for Editor in 0.30 ms, found 1 plugins.
Preloading 0 native plugins for Editor in 0.00 ms.
Unloading 1797 Unused Serialized files (Serialized files now loaded: 0)
System memory in use before: 90.3 MB.
System memory in use after: 90.3 MB.

Unloading 12 unused Assets to reduce memory usage. Loaded Objects now: 2325.
Total: 1.617000 ms (FindLiveObjects: 0.173300 ms CreateObjectMapping: 0.063600 ms MarkObjects: 1.296800 ms  DeleteObjects: 0.082500 ms)

========================================================================
Received Import Request.
  Time since last request: 724.539205 seconds.
  path: Assets/Game Jam 1/Scenes/Main Menu.unity
  artifactKey: Guid(3872cf4fd2db1f649a5dde00ade27f3c) Importer(815301076,1909f56bfc062723c751e8b465ee728b)
Start importing Assets/Game Jam 1/Scenes/Main Menu.unity using Guid(3872cf4fd2db1f649a5dde00ade27f3c) Importer(815301076,1909f56bfc062723c751e8b465ee728b)  -> (artifact id: '00cdd60a6e57efffa2dda2377ec8f249') in 0.011571 seconds
  Import took 0.024537 seconds .

========================================================================
Received Prepare
Registering precompiled user dll's ...
Registered in 0.001034 seconds.
Begin MonoManager ReloadAssembly
Native extension for WindowsStandalone target not found
Native extension for WebGL target not found
Refreshing native plugins compatible for Editor in 0.29 ms, found 1 plugins.
Preloading 0 native plugins for Editor in 0.00 ms.
Invoked RoslynAnalysisRunner static constructor.
RoslynAnalysisRunner will not be running.
RoslynAnalysisRunner has terminated.
Mono: successfully reloaded assembly
- Completed reload, in  0.663 seconds
Platform modules already initialized, skipping
Refreshing native plugins compatible for Editor in 0.31 ms, found 1 plugins.
Preloading 0 native plugins for Editor in 0.00 ms.
Unloading 1797 Unused Serialized files (Serialized files now loaded: 0)
System memory in use before: 90.5 MB.
System memory in use after: 90.5 MB.

Unloading 12 unused Assets to reduce memory usage. Loaded Objects now: 2328.
Total: 1.907000 ms (FindLiveObjects: 0.253300 ms CreateObjectMapping: 0.099100 ms MarkObjects: 1.472300 ms  DeleteObjects: 0.081300 ms)

========================================================================
Received Import Request.
  Time since last request: 69.449101 seconds.
  path: Assets/Prototype Hero Demo - Pixel Art/Animations/Prototype Hero noSword/Run_noSword.anim
  artifactKey: Guid(15fdf5be4807e5942a9cd98022f24b2a) Importer(815301076,1909f56bfc062723c751e8b465ee728b)
Start importing Assets/Prototype Hero Demo - Pixel Art/Animations/Prototype Hero noSword/Run_noSword.anim using Guid(15fdf5be4807e5942a9cd98022f24b2a) Importer(815301076,1909f56bfc062723c751e8b465ee728b)  -> (artifact id: '808135231da5062c05b63dd690df8226') in 0.013725 seconds
  Import took 0.026876 seconds .

========================================================================
Received Import Request.
  Time since last request: 0.009846 seconds.
  path: Assets/Prototype Hero Demo - Pixel Art/Animations/Prototype Hero noSword/Run_noSword.anim
  artifactKey: Guid(15fdf5be4807e5942a9cd98022f24b2a) Importer(815301076,1909f56bfc062723c751e8b465ee728b)
Start importing Assets/Prototype Hero Demo - Pixel Art/Animations/Prototype Hero noSword/Run_noSword.anim using Guid(15fdf5be4807e5942a9cd98022f24b2a) Importer(815301076,1909f56bfc062723c751e8b465ee728b)  -> (artifact id: '808135231da5062c05b63dd690df8226') in 0.002600 seconds
  Import took 0.004867 seconds .

========================================================================
Received Import Request.
  Time since last request: 24.813305 seconds.
  path: Assets/Prototype Hero Demo - Pixel Art/Audio/Footstep1.wav
  artifactKey: Guid(1a631ada4ecd9cf49a88b135aa70c396) Importer(815301076,1909f56bfc062723c751e8b465ee728b)
Start importing Assets/Prototype Hero Demo - Pixel Art/Audio/Footstep1.wav using Guid(1a631ada4ecd9cf49a88b135aa70c396) Importer(815301076,1909f56bfc062723c751e8b465ee728b)  -> (artifact id: 'aa5f406020678f2bcccb359622d3d078') in 0.054299 seconds
  Import took 0.056609 seconds .

========================================================================
Received Import Request.
  Time since last request: 4.791726 seconds.
  path: Assets/Prototype Hero Demo - Pixel Art/Audio/Footstep2.wav
  artifactKey: Guid(ee00faf8b8432ff40a6e008c84d5ae59) Importer(815301076,1909f56bfc062723c751e8b465ee728b)
Start importing Assets/Prototype Hero Demo - Pixel Art/Audio/Footstep2.wav using Guid(ee00faf8b8432ff40a6e008c84d5ae59) Importer(815301076,1909f56bfc062723c751e8b465ee728b)  -> (artifact id: 'baf7fc9b148c03b2458c2c8e066df41c') in 0.012162 seconds
  Import took 0.014797 seconds .

========================================================================
Received Import Request.
  Time since last request: 0.876944 seconds.
  path: Assets/Prototype Hero Demo - Pixel Art/Audio/Footstep3.wav
  artifactKey: Guid(9b0833c02b71a294faba6438278d937a) Importer(815301076,1909f56bfc062723c751e8b465ee728b)
Start importing Assets/Prototype Hero Demo - Pixel Art/Audio/Footstep3.wav using Guid(9b0833c02b71a294faba6438278d937a) Importer(815301076,1909f56bfc062723c751e8b465ee728b)  -> (artifact id: '6ccdf4c49bd40a1abd39e64ecbbc0782') in 0.010518 seconds
  Import took 0.013002 seconds .

========================================================================
Received Import Request.
  Time since last request: 0.000473 seconds.
  path: Assets/Prototype Hero Demo - Pixel Art/Audio/Footstep3.wav
  artifactKey: Guid(9b0833c02b71a294faba6438278d937a) Importer(815301076,1909f56bfc062723c751e8b465ee728b)
Start importing Assets/Prototype Hero Demo - Pixel Art/Audio/Footstep3.wav using Guid(9b0833c02b71a294faba6438278d937a) Importer(815301076,1909f56bfc062723c751e8b465ee728b)  -> (artifact id: '6ccdf4c49bd40a1abd39e64ecbbc0782') in 0.024417 seconds
  Import took 0.027549 seconds .

========================================================================
Received Import Request.
  Time since last request: 12.919360 seconds.
  path: Assets/Prototype Hero Demo - Pixel Art/Sprites/EnvironmentTiles.png
  artifactKey: Guid(7706d4b3f7d8d2e42b82d09010a105ec) Importer(815301076,1909f56bfc062723c751e8b465ee728b)
Start importing Assets/Prototype Hero Demo - Pixel Art/Sprites/EnvironmentTiles.png using Guid(7706d4b3f7d8d2e42b82d09010a105ec) Importer(815301076,1909f56bfc062723c751e8b465ee728b)  -> (artifact id: 'b3bf37d7a0a91ea808a8c1610cf7d44f') in 0.033978 seconds
  Import took 0.036681 seconds .

========================================================================
Received Import Request.
  Time since last request: 0.000784 seconds.
  path: Assets/Prototype Hero Demo - Pixel Art/Sprites/EnvironmentTiles.png
  artifactKey: Guid(7706d4b3f7d8d2e42b82d09010a105ec) Importer(815301076,1909f56bfc062723c751e8b465ee728b)
Start importing Assets/Prototype Hero Demo - Pixel Art/Sprites/EnvironmentTiles.png using Guid(7706d4b3f7d8d2e42b82d09010a105ec) Importer(815301076,1909f56bfc062723c751e8b465ee728b)  -> (artifact id: 'b3bf37d7a0a91ea808a8c1610cf7d44f') in 0.032401 seconds
  Import took 0.035483 seconds .

========================================================================
Received Import Request.
  Time since last request: 4.053723 seconds.
  path: Assets/Prototype Hero Demo - Pixel Art/Sprites/Dust.png
  artifactKey: Guid(197dc101be73bc64ebf9c4837ee28a15) Importer(815301076,1909f56bfc062723c751e8b465ee728b)
Start importing Assets/Prototype Hero Demo - Pixel Art/Sprites/Dust.png using Guid(197dc101be73bc64ebf9c4837ee28a15) Importer(815301076,1909f56bfc062723c751e8b465ee728b)  -> (artifact id: 'cec6ab32109d5beda0a37116fdbecc51') in 0.069806 seconds
  Import took 0.072185 seconds .

========================================================================
Received Import Request.
  Time since last request: 1.888135 seconds.
  path: Assets/Prototype Hero Demo - Pixel Art/Sprites/Background.png
  artifactKey: Guid(d9c5f41937dce6a4aaea431fd404415b) Importer(815301076,1909f56bfc062723c751e8b465ee728b)
Start importing Assets/Prototype Hero Demo - Pixel Art/Sprites/Background.png using Guid(d9c5f41937dce6a4aaea431fd404415b) Importer(815301076,1909f56bfc062723c751e8b465ee728b)  -> (artifact id: '6a8dff8868f00d92b4e3ca041a0e1d7f') in 0.018296 seconds
  Import took 0.020956 seconds .

========================================================================
Received Import Request.
  Time since last request: 8.827666 seconds.
  path: Assets/Prototype Hero Demo - Pixel Art/Environment/EnvironmentTiles_0.asset
  artifactKey: Guid(b966ba8d7d465b6458e43bb42b6e0eb7) Importer(815301076,1909f56bfc062723c751e8b465ee728b)
Start importing Assets/Prototype Hero Demo - Pixel Art/Environment/EnvironmentTiles_0.asset using Guid(b966ba8d7d465b6458e43bb42b6e0eb7) Importer(815301076,1909f56bfc062723c751e8b465ee728b)  -> (artifact id: '5634d73e48d7f340f6135ab5da511008') in 0.018969 seconds
  Import took 0.022068 seconds .

========================================================================
Received Import Request.
  Time since last request: 1.126518 seconds.
  path: Assets/Prototype Hero Demo - Pixel Art/Environment/EnvironmentTiles_1.asset
  artifactKey: Guid(2df9905a1cc5ae64fb4dedb716f51bb7) Importer(815301076,1909f56bfc062723c751e8b465ee728b)
Start importing Assets/Prototype Hero Demo - Pixel Art/Environment/EnvironmentTiles_1.asset using Guid(2df9905a1cc5ae64fb4dedb716f51bb7) Importer(815301076,1909f56bfc062723c751e8b465ee728b)  -> (artifact id: 'fb77574437a1253ccbd15ddd59ea02f1') in 0.025596 seconds
  Import took 0.028135 seconds .

========================================================================
Received Import Request.
  Time since last request: 1.320221 seconds.
  path: Assets/Prototype Hero Demo - Pixel Art/Environment/EnvironmentTiles_2.asset
  artifactKey: Guid(8be7de5514576614f9116d9da2150b3e) Importer(815301076,1909f56bfc062723c751e8b465ee728b)
Start importing Assets/Prototype Hero Demo - Pixel Art/Environment/EnvironmentTiles_2.asset using Guid(8be7de5514576614f9116d9da2150b3e) Importer(815301076,1909f56bfc062723c751e8b465ee728b)  -> (artifact id: 'f1c371a8a17bf6d0e4c390ca74ada916') in 0.015035 seconds
  Import took 0.018046 seconds .

========================================================================
Received Import Request.
  Time since last request: 0.001142 seconds.
  path: Assets/Prototype Hero Demo - Pixel Art/Environment/EnvironmentTiles_2.asset
  artifactKey: Guid(8be7de5514576614f9116d9da2150b3e) Importer(815301076,1909f56bfc062723c751e8b465ee728b)
Start importing Assets/Prototype Hero Demo - Pixel Art/Environment/EnvironmentTiles_2.asset using Guid(8be7de5514576614f9116d9da2150b3e) Importer(815301076,1909f56bfc062723c751e8b465ee728b)  -> (artifact id: 'f1c371a8a17bf6d0e4c390ca74ada916') in 0.005856 seconds
  Import took 0.008583 seconds .

========================================================================
Received Import Request.
  Time since last request: 0.617323 seconds.
  path: Assets/Prototype Hero Demo - Pixel Art/Sprites
  artifactKey: Guid(fe0dd8d84ad077a439f068110a4c1145) Importer(815301076,1909f56bfc062723c751e8b465ee728b)
Start importing Assets/Prototype Hero Demo - Pixel Art/Sprites using Guid(fe0dd8d84ad077a439f068110a4c1145) Importer(815301076,1909f56bfc062723c751e8b465ee728b)  -> (artifact id: '7a4f5a23a17640a4ab859cb6ceb643ff') in 0.005001 seconds
  Import took 0.017999 seconds .

========================================================================
Received Import Request.
  Time since last request: 1.331370 seconds.
  path: Assets/Prototype Hero Demo - Pixel Art/Environment/EnvironmentPalette_Prototype.prefab
  artifactKey: Guid(ef06610bdafab1143b3e18004e4719b3) Importer(815301076,1909f56bfc062723c751e8b465ee728b)
Start importing Assets/Prototype Hero Demo - Pixel Art/Environment/EnvironmentPalette_Prototype.prefab using Guid(ef06610bdafab1143b3e18004e4719b3) Importer(815301076,1909f56bfc062723c751e8b465ee728b)  -> (artifact id: 'c1c6db15b2a4489b98854131d16c2842') in 0.011897 seconds
  Import took 0.014666 seconds .

========================================================================
Received Import Request.
  Time since last request: 0.000897 seconds.
  path: Assets/Prototype Hero Demo - Pixel Art/Environment/EnvironmentPalette_Prototype.prefab
  artifactKey: Guid(ef06610bdafab1143b3e18004e4719b3) Importer(815301076,1909f56bfc062723c751e8b465ee728b)
Start importing Assets/Prototype Hero Demo - Pixel Art/Environment/EnvironmentPalette_Prototype.prefab using Guid(ef06610bdafab1143b3e18004e4719b3) Importer(815301076,1909f56bfc062723c751e8b465ee728b)  -> (artifact id: 'c1c6db15b2a4489b98854131d16c2842') in 0.003446 seconds
  Import took 0.005831 seconds .

========================================================================
Received Import Request.
  Time since last request: 53.601875 seconds.
  path: Assets/Game Jam 1/Scenes/Level 1.unity
  artifactKey: Guid(2cda990e2423bbf4892e6590ba056729) Importer(815301076,1909f56bfc062723c751e8b465ee728b)
Start importing Assets/Game Jam 1/Scenes/Level 1.unity using Guid(2cda990e2423bbf4892e6590ba056729) Importer(815301076,1909f56bfc062723c751e8b465ee728b)  -> (artifact id: '8ce5132f6eb163a6ae92a3b8119474a2') in 0.016978 seconds
  Import took 0.019647 seconds .

========================================================================
Received Prepare
Registering precompiled user dll's ...
Registered in 0.000928 seconds.
Begin MonoManager ReloadAssembly
Native extension for WindowsStandalone target not found
Native extension for WebGL target not found
Refreshing native plugins compatible for Editor in 0.33 ms, found 1 plugins.
Preloading 0 native plugins for Editor in 0.00 ms.
Invoked RoslynAnalysisRunner static constructor.
RoslynAnalysisRunner will not be running.
RoslynAnalysisRunner has terminated.
Mono: successfully reloaded assembly
- Completed reload, in  0.655 seconds
Platform modules already initialized, skipping
Refreshing native plugins compatible for Editor in 0.30 ms, found 1 plugins.
Preloading 0 native plugins for Editor in 0.00 ms.
Unloading 1797 Unused Serialized files (Serialized files now loaded: 0)
System memory in use before: 90.8 MB.
System memory in use after: 90.8 MB.

Unloading 12 unused Assets to reduce memory usage. Loaded Objects now: 2345.
Total: 1.583600 ms (FindLiveObjects: 0.156100 ms CreateObjectMapping: 0.057400 ms MarkObjects: 1.286300 ms  DeleteObjects: 0.082800 ms)

========================================================================
Received Import Request.
  Time since last request: 128.960097 seconds.
  path: Assets/Game Jam 1/Art/Animations
  artifactKey: Guid(87c47bf2f0eedc24aaf58ac4aeba6a5e) Importer(815301076,1909f56bfc062723c751e8b465ee728b)
Start importing Assets/Game Jam 1/Art/Animations using Guid(87c47bf2f0eedc24aaf58ac4aeba6a5e) Importer(815301076,1909f56bfc062723c751e8b465ee728b)  -> (artifact id: '59ab6a136532e9c628c6ef093ee00097') in 0.007685 seconds
  Import took 0.021039 seconds .

========================================================================
Received Import Request.
  Time since last request: 3.011429 seconds.
  path: Assets/Game Jam 1/Art/Animations/PrototypeHero_noSword_23.controller
  artifactKey: Guid(8ee0ee89a48b8eb45ba2222b248d0912) Importer(815301076,1909f56bfc062723c751e8b465ee728b)
Start importing Assets/Game Jam 1/Art/Animations/PrototypeHero_noSword_23.controller using Guid(8ee0ee89a48b8eb45ba2222b248d0912) Importer(815301076,1909f56bfc062723c751e8b465ee728b)  -> (artifact id: 'db3a9b7f56955f2643e87245c3067f0f') in 0.010273 seconds
  Import took 0.013003 seconds .

========================================================================
Received Prepare
Registering precompiled user dll's ...
Registered in 0.000765 seconds.
Begin MonoManager ReloadAssembly
Native extension for WindowsStandalone target not found
Native extension for WebGL target not found
Refreshing native plugins compatible for Editor in 0.29 ms, found 1 plugins.
Preloading 0 native plugins for Editor in 0.00 ms.
Invoked RoslynAnalysisRunner static constructor.
RoslynAnalysisRunner will not be running.
RoslynAnalysisRunner has terminated.
Mono: successfully reloaded assembly
- Completed reload, in  0.659 seconds
Platform modules already initialized, skipping
Refreshing native plugins compatible for Editor in 0.30 ms, found 1 plugins.
Preloading 0 native plugins for Editor in 0.00 ms.
Unloading 1797 Unused Serialized files (Serialized files now loaded: 0)
System memory in use before: 90.0 MB.
System memory in use after: 90.0 MB.

Unloading 12 unused Assets to reduce memory usage. Loaded Objects now: 2348.
Total: 1.741400 ms (FindLiveObjects: 0.171000 ms CreateObjectMapping: 0.088000 ms MarkObjects: 1.395800 ms  DeleteObjects: 0.085800 ms)

